<?xml version="1.0" encoding="UTF-8"?>
<testsuite xmlns:xsi="http://www.w3.org/2001/XMLSchema-instance" xsi:noNamespaceSchemaLocation="https://maven.apache.org/surefire/maven-surefire-plugin/xsd/surefire-test-report.xsd" version="3.0.2" name="com.techup.gestao_patrimonio_imobiliario.GestaoPatrimonioImobiliarioApplicationTests" time="12.301" tests="1" errors="0" skipped="0" failures="0" flakes="0">
  <properties>
[...]
</properties>
  <testcase name="contextLoads" classname="com.techup.gestao_patrimonio_imobiliario.GestaoPatrimonioImobiliarioApplicationTests" time="0.441">
    <system-out><![CDATA[09:39:28.690 [main] INFO org.springframework.test.context.support.AnnotationConfigContextLoaderUtils -- Could not detect default configuration classes for test class [com.techup.gestao_patrimonio_imobiliario.GestaoPatrimonioImobiliarioApplicationTests]: GestaoPatrimonioImobiliarioApplicationTests does not declare any static, non-private, non-final, nested classes annotated with @Configuration.
09:39:28.824 [main] INFO org.springframework.boot.test.context.SpringBootTestContextBootstrapper -- Found @SpringBootConfiguration com.techup.gestao_patrimonio_imobiliario.GestaoPatrimonioImobiliarioApplication for test class com.techup.gestao_patrimonio_imobiliario.GestaoPatrimonioImobiliarioApplicationTests
09:39:28.925 [main] INFO org.springframework.test.context.support.AnnotationConfigContextLoaderUtils -- Could not detect default configuration classes for test class [com.techup.gestao_patrimonio_imobiliario.GestaoPatrimonioImobiliarioApplicationTests]: GestaoPatrimonioImobiliarioApplicationTests does not declare any static, non-private, non-final, nested classes annotated with @Configuration.
09:39:28.927 [main] INFO org.springframework.boot.test.context.SpringBootTestContextBootstrapper -- Found @SpringBootConfiguration com.techup.gestao_patrimonio_imobiliario.GestaoPatrimonioImobiliarioApplication for test class com.techup.gestao_patrimonio_imobiliario.GestaoPatrimonioImobiliarioApplicationTests

  .   ____          _            __ _ _
 /\\ / ___'_ __ _ _(_)_ __  __ _ \ \ \ \
( ( )\___ | '_ | '_| | '_ \/ _` | \ \ \ \
 \\/  ___)| |_)| | | | | || (_| |  ) ) ) )
  '  |____| .__|_| |_|_| |_\__, | / / / /
 =========|_|==============|___/=/_/_/_/

 :: Spring Boot ::                (v4.1.1)

2026-09-10T09:39:29.524-03:00  INFO 6876 --- [gestao-patrimonio-imobiliario] [           main] taoPatrimonioImobiliarioApplicationTests : Starting GestaoPatrimonioImobiliarioApplicationTests using Java 21.0.9 with PID 6876 (started by ferna in C:\Fernando_PC\Software Controle de Patrimonio Imobiliario\gestao-patrimonio-imobiliario)
2026-09-10T09:39:29.526-03:00  INFO 6876 --- [gestao-patrimonio-imobiliario] [           main] taoPatrimonioImobiliarioApplicationTests : No active profile set, falling back to 1 default profile: "default"
2026-09-10T09:39:33.125-03:00  INFO 6876 --- [gestao-patrimonio-imobiliario] [           main] .s.d.r.c.RepositoryConfigurationDelegate : Bootstrapping Spring Data JPA repositories in DEFAULT mode.
2026-09-10T09:39:33.205-03:00  INFO 6876 --- [gestao-patrimonio-imobiliario] [           main] .s.d.r.c.RepositoryConfigurationDelegate : Finished Spring Data repository scanning in 69 ms. Found 6 JPA repository interfaces.
2026-09-10T09:39:33.580-03:00  INFO 6876 --- [gestao-patrimonio-imobiliario] [           main] o.s.cloud.context.scope.GenericScope     : BeanFactory id=18042ff4-2c96-34cf-aa7a-f4111bb21c49
2026-09-10T09:39:34.159-03:00  INFO 6876 --- [gestao-patrimonio-imobiliario] [           main] com.zaxxer.hikari.HikariDataSource       : HikariPool-1 - Starting...
2026-09-10T09:39:34.397-03:00  INFO 6876 --- [gestao-patrimonio-imobiliario] [           main] com.zaxxer.hikari.pool.HikariPool        : HikariPool-1 - Added connection org.postgresql.jdbc.PgConnection@10dbf660
2026-09-10T09:39:34.398-03:00  INFO 6876 --- [gestao-patrimonio-imobiliario] [           main] com.zaxxer.hikari.HikariDataSource       : HikariPool-1 - Start completed.
2026-09-10T09:39:34.609-03:00  INFO 6876 --- [gestao-patrimonio-imobiliario] [           main] liquibase.database                       : Set default schema name to public
2026-09-10T09:39:36.155-03:00  INFO 6876 --- [gestao-patrimonio-imobiliario] [           main] liquibase.changelog                      : Reading from public.databasechangelog
2026-09-10T09:39:36.266-03:00  INFO 6876 --- [gestao-patrimonio-imobiliario] [           main] liquibase.ui                             : Database is up to date, no changesets to execute
2026-09-10T09:39:36.270-03:00  INFO 6876 --- [gestao-patrimonio-imobiliario] [           main] liquibase.changelog                      : Reading from public.databasechangelog
2026-09-10T09:39:36.281-03:00  INFO 6876 --- [gestao-patrimonio-imobiliario] [           main] liquibase.util                           : UPDATE SUMMARY
2026-09-10T09:39:36.282-03:00  INFO 6876 --- [gestao-patrimonio-imobiliario] [           main] liquibase.util                           : Run:                          0
2026-09-10T09:39:36.282-03:00  INFO 6876 --- [gestao-patrimonio-imobiliario] [           main] liquibase.util                           : Previously run:               7
2026-09-10T09:39:36.282-03:00  INFO 6876 --- [gestao-patrimonio-imobiliario] [           main] liquibase.util                           : Filtered out:                 0
2026-09-10T09:39:36.282-03:00  INFO 6876 --- [gestao-patrimonio-imobiliario] [           main] liquibase.util                           : -------------------------------
2026-09-10T09:39:36.282-03:00  INFO 6876 --- [gestao-patrimonio-imobiliario] [           main] liquibase.util                           : Total change sets:            7
2026-09-10T09:39:36.283-03:00  INFO 6876 --- [gestao-patrimonio-imobiliario] [           main] liquibase.util                           : Update summary generated
2026-09-10T09:39:36.284-03:00  INFO 6876 --- [gestao-patrimonio-imobiliario] [           main] liquibase.command                        : Command execution complete
2026-09-10T09:39:36.413-03:00  INFO 6876 --- [gestao-patrimonio-imobiliario] [           main] org.hibernate.orm.jpa                    : HHH008540: Processing PersistenceUnitInfo [name: default]
2026-09-10T09:39:36.502-03:00  INFO 6876 --- [gestao-patrimonio-imobiliario] [           main] org.hibernate.orm.core                   : HHH000001: Hibernate ORM core version 7.4.5.Final
2026-09-10T09:39:36.957-03:00  INFO 6876 --- [gestao-patrimonio-imobiliario] [           main] o.s.o.j.p.SpringPersistenceUnitInfo      : No LoadTimeWeaver setup: ignoring JPA class transformer
2026-09-10T09:39:37.045-03:00  INFO 6876 --- [gestao-patrimonio-imobiliario] [           main] org.hibernate.orm.connections.pooling    : HHH10001005: Database info:
	Database JDBC URL [jdbc:postgresql://localhost:5433/gestao_patrimonio_imobiliario]
	Database driver: PostgreSQL JDBC Driver
	Database dialect: PostgreSQLDialect
	Database version: 16.15
	Default catalog/schema: gestao_patrimonio_imobiliario/public
	Autocommit mode: undefined/unknown
	Isolation level: READ_COMMITTED [default READ_COMMITTED]
	JDBC fetch size: none
	Pool: DataSourceConnectionProvider
	Minimum pool size: undefined/unknown
	Maximum pool size: undefined/unknown
2026-09-10T09:39:38.072-03:00  INFO 6876 --- [gestao-patrimonio-imobiliario] [           main] org.hibernate.orm.core                   : HHH000489: No JTA platform available (set 'hibernate.transaction.jta.platform' to enable JTA platform integration)
2026-09-10T09:39:38.128-03:00  INFO 6876 --- [gestao-patrimonio-imobiliario] [           main] j.LocalContainerEntityManagerFactoryBean : Initialized JPA EntityManagerFactory for persistence unit 'default'
2026-09-10T09:39:38.226-03:00  INFO 6876 --- [gestao-patrimonio-imobiliario] [           main] o.s.d.j.r.query.QueryEnhancerFactories   : Hibernate is in classpath; If applicable, HQL parser will be used.
2026-09-10T09:39:40.142-03:00  INFO 6876 --- [gestao-patrimonio-imobiliario] [           main] o.s.b.a.e.web.EndpointLinksResolver      : Exposing 1 endpoint beneath base path '/actuator'
2026-09-10T09:39:40.206-03:00  INFO 6876 --- [gestao-patrimonio-imobiliario] [           main] taoPatrimonioImobiliarioApplicationTests : Started GestaoPatrimonioImobiliarioApplicationTests in 11.056 seconds (process running for 13.105)
2026-09-10T09:39:40.293-03:00  WARN 6876 --- [gestao-patrimonio-imobiliario] [           main] o.s.core.events.SpringDocAppInitializer  : SpringDoc /v3/api-docs endpoint is enabled by default. To disable it in production, set the property 'springdoc.api-docs.enabled=false'
2026-09-10T09:39:40.294-03:00  WARN 6876 --- [gestao-patrimonio-imobiliario] [           main] o.s.core.events.SpringDocAppInitializer  : SpringDoc /swagger-ui.html endpoint is enabled by default. To disable it in production, set the property 'springdoc.swagger-ui.enabled=false'
]]></system-out>
    <system-err><![CDATA[Mockito is currently self-attaching to enable the inline-mock-maker. This will no longer work in future releases of the JDK. Please add Mockito as an agent to your build as described in Mockito's documentation: https://javadoc.io/doc/org.mockito/mockito-core/latest/org.mockito/org/mockito/Mockito.html#0.3
WARNING: A Java agent has been loaded dynamically (C:\Users\ferna\.m2\repository\net\bytebuddy\byte-buddy-agent\1.18.11\byte-buddy-agent-1.18.11.jar)
WARNING: If a serviceability tool is in use, please run with -XX:+EnableDynamicAgentLoading to hide this warning
WARNING: If a serviceability tool is not in use, please run with -Djdk.instrument.traceUsage for more information
WARNING: Dynamic loading of agents will be disallowed by default in a future release
]]></system-err>
  </testcase>
</testsuite>